#
# There is insufficient memory for the Java Runtime Environment to continue.
# Native memory allocation (malloc) failed to allocate 754496 bytes for Chunk::new
# Possible reasons:
#   The system is out of physical RAM or swap space
#   The process is running with CompressedOops enabled, and the Java Heap may be blocking the growth of the native heap
# Possible solutions:
#   Reduce memory load on the system
#   Increase physical memory or swap space
#   Check if swap backing store is full
#   Decrease Java heap size (-Xmx/-Xms)
#   Decrease number of Java threads
#   Decrease Java thread stack sizes (-Xss)
#   Set larger code cache with -XX:ReservedCodeCacheSize=
#   JVM is running with Zero Based Compressed Oops mode in which the Java heap is
#     placed in the first 32GB address space. The Java Heap base address is the
#     maximum limit for the native heap growth. Please use -XX:HeapBaseMinAddress
#     to set the Java Heap base and to place the Java Heap above 32GB virtual address.
# This output file may be truncated or incomplete.
#
#  Out of Memory Error (./src/hotspot/share/memory/arena.cpp:197), pid=7360, tid=21468
#
# JRE version: OpenJDK Runtime Environment (11.0.10) (build 11.0.10+0-b96-7249189)
# Java VM: OpenJDK 64-Bit Server VM (11.0.10+0-b96-7249189, mixed mode, tiered, compressed oops, g1 gc, windows-amd64)
# No core dump will be written. Minidumps are not enabled by default on client versions of Windows
#

---------------  S U M M A R Y ------------

Command Line: org.jetbrains.kotlin.cli.jvm.K2JVMCompiler @C:\Users\leoba\AndroidStudioProjects\TextRecognizer\DemoRequestWebApi\app\build\20220614_7335368177294256226.compiler.options

Host: Intel(R) Core(TM) i3-7020U CPU @ 2.30GHz, 4 cores, 11G,  Windows 10 , 64 bit Build 19041 (10.0.19041.1706)
Time: Tue Jun 14 10:08:50 2022 Hora estándar de Argentina elapsed time: 2.333165 seconds (0d 0h 0m 2s)

---------------  T H R E A D  ---------------

Current thread (0x000002a8cb6a9000):  JavaThread "C2 CompilerThread0" daemon [_thread_in_native, id=21468, stack(0x000000baff300000,0x000000baff400000)]


Current CompileTask:
C2:   2333 1956   !   4       jdk.internal.loader.BuiltinClassLoader::loadClassOrNull (143 bytes)

Stack: [0x000000baff300000,0x000000baff400000]
Native frames: (J=compiled Java code, j=interpreted, Vv=VM code, C=native code)
V  [jvm.dll+0x5ecfaa]
V  [jvm.dll+0x722bd5]
V  [jvm.dll+0x72412d]
V  [jvm.dll+0x7247e3]
V  [jvm.dll+0x242928]
V  [jvm.dll+0xbc4fc]
V  [jvm.dll+0xbca0c]
V  [jvm.dll+0x2b4fd4]
V  [jvm.dll+0x506028]
V  [jvm.dll+0x1fccf6]
V  [jvm.dll+0x1fa77f]
V  [jvm.dll+0x18354c]
V  [jvm.dll+0x208ee7]
V  [jvm.dll+0x207731]
V  [jvm.dll+0x6eb1cf]
V  [jvm.dll+0x6e3d45]
V  [jvm.dll+0x5ebe96]
C  [ucrtbase.dll+0x21bb2]
C  [KERNEL32.DLL+0x17034]
C  [ntdll.dll+0x52651]


---------------  P R O C E S S  ---------------

Threads class SMR info:
_java_thread_list=0x000002a8cb846b00, length=11, elements={
0x000002a8ae52b000, 0x000002a8cae53800, 0x000002a8cae57000, 0x000002a8cb6a0800,
0x000002a8cb6a4800, 0x000002a8cb6a5800, 0x000002a8cb6a9000, 0x000002a8cb6f1800,
0x000002a8cb6f3000, 0x000002a8cb850000, 0x000002a8cb84f000
}

Java Threads: ( => current thread )
  0x000002a8ae52b000 JavaThread "main" [_thread_in_vm, id=2288, stack(0x000000bafe700000,0x000000bafe800000)]
  0x000002a8cae53800 JavaThread "Reference Handler" daemon [_thread_blocked, id=19876, stack(0x000000bafee00000,0x000000bafef00000)]
  0x000002a8cae57000 JavaThread "Finalizer" daemon [_thread_blocked, id=11408, stack(0x000000bafef00000,0x000000baff000000)]
  0x000002a8cb6a0800 JavaThread "Signal Dispatcher" daemon [_thread_blocked, id=10632, stack(0x000000baff000000,0x000000baff100000)]
  0x000002a8cb6a4800 JavaThread "Attach Listener" daemon [_thread_blocked, id=20920, stack(0x000000baff100000,0x000000baff200000)]
  0x000002a8cb6a5800 JavaThread "Service Thread" daemon [_thread_blocked, id=7604, stack(0x000000baff200000,0x000000baff300000)]
=>0x000002a8cb6a9000 JavaThread "C2 CompilerThread0" daemon [_thread_in_native, id=21468, stack(0x000000baff300000,0x000000baff400000)]
  0x000002a8cb6f1800 JavaThread "C1 CompilerThread0" daemon [_thread_blocked, id=2536, stack(0x000000baff400000,0x000000baff500000)]
  0x000002a8cb6f3000 JavaThread "Sweeper thread" daemon [_thread_blocked, id=2248, stack(0x000000baff500000,0x000000baff600000)]
  0x000002a8cb850000 JavaThread "Common-Cleaner" daemon [_thread_blocked, id=11160, stack(0x000000baff700000,0x000000baff800000)]
  0x000002a8cb84f000 JavaThread "C2 CompilerThread1" daemon [_thread_blocked, id=15832, stack(0x000000baff800000,0x000000baff900000)]

Other Threads:
  0x000002a8cb695000 VMThread "VM Thread" [stack: 0x000000bafed00000,0x000000bafee00000] [id=2780]
  0x000002a8cb849800 WatcherThread [stack: 0x000000baff600000,0x000000baff700000] [id=5764]
  0x000002a8ae543800 GCTaskThread "GC Thread#0" [stack: 0x000000bafe800000,0x000000bafe900000] [id=18716]
  0x000002a8cbe48000 GCTaskThread "GC Thread#1" [stack: 0x000000baff900000,0x000000baffa00000] [id=416]
  0x000002a8cbe24000 GCTaskThread "GC Thread#2" [stack: 0x000000baffa00000,0x000000baffb00000] [id=2052]
  0x000002a8cbe3b000 GCTaskThread "GC Thread#3" [stack: 0x000000baffb00000,0x000000baffc00000] [id=8608]
  0x000002a8ae589000 ConcurrentGCThread "G1 Main Marker" [stack: 0x000000bafe900000,0x000000bafea00000] [id=16620]
  0x000002a8ae58a800 ConcurrentGCThread "G1 Conc#0" [stack: 0x000000bafea00000,0x000000bafeb00000] [id=19384]
  0x000002a8ae60e000 ConcurrentGCThread "G1 Refine#0" [stack: 0x000000bafeb00000,0x000000bafec00000] [id=18452]
  0x000002a8cacbb800 ConcurrentGCThread "G1 Young RemSet Sampling" [stack: 0x000000bafec00000,0x000000bafed00000] [id=3160]

Threads with active compile tasks:
C2 CompilerThread0   2358 1956   !   4       jdk.internal.loader.BuiltinClassLoader::loadClassOrNull (143 bytes)

VM state:not at safepoint (normal execution)

VM Mutex/Monitor currently owned by a thread: None

Heap address: 0x0000000741600000, size: 3050 MB, Compressed Oops mode: Zero based, Oop shift amount: 3
Narrow klass base: 0x0000000800000000, Narrow klass shift: 0
Compressed class space size: 1073741824 Address: 0x0000000800000000

Heap:
 garbage-first heap   total 196608K, used 40301K [0x0000000741600000, 0x0000000800000000)
  region size 1024K, 32 young (32768K), 7 survivors (7168K)
 Metaspace       used 27523K, capacity 27944K, committed 28028K, reserved 1075200K
  class space    used 2979K, capacity 3156K, committed 3200K, reserved 1048576K
Heap Regions: E=young(eden), S=young(survivor), O=old, HS=humongous(starts), HC=humongous(continues), CS=collection set, F=free, A=archive, TAMS=top-at-mark-start (previous, next)
|   0|0x0000000741600000, 0x0000000741700000, 0x0000000741700000|100%|HS|  |TAMS 0x0000000741700000, 0x0000000741600000| Complete 
|   1|0x0000000741700000, 0x0000000741800000, 0x0000000741800000|100%|HC|  |TAMS 0x0000000741800000, 0x0000000741700000| Complete 
|   2|0x0000000741800000, 0x0000000741900000, 0x0000000741900000|100%|HC|  |TAMS 0x0000000741900000, 0x0000000741800000| Complete 
|   3|0x0000000741900000, 0x0000000741900000, 0x0000000741a00000|  0%| F|  |TAMS 0x0000000741900000, 0x0000000741900000| Untracked 
|   4|0x0000000741a00000, 0x0000000741a05200, 0x0000000741b00000|  2%| O|  |TAMS 0x0000000741a05200, 0x0000000741a00000| Untracked 
|   5|0x0000000741b00000, 0x0000000741c00000, 0x0000000741c00000|100%|HS|  |TAMS 0x0000000741b00000, 0x0000000741b00000| Complete 
|   6|0x0000000741c00000, 0x0000000741d00000, 0x0000000741d00000|100%|HC|  |TAMS 0x0000000741c00000, 0x0000000741c00000| Complete 
|   7|0x0000000741d00000, 0x0000000741e00000, 0x0000000741e00000|100%|HC|  |TAMS 0x0000000741d00000, 0x0000000741d00000| Complete 
|   8|0x0000000741e00000, 0x0000000741f00000, 0x0000000741f00000|100%|HS|  |TAMS 0x0000000741e00000, 0x0000000741e00000| Complete 
|   9|0x0000000741f00000, 0x0000000742000000, 0x0000000742000000|100%|HC|  |TAMS 0x0000000741f00000, 0x0000000741f00000| Complete 
|  10|0x0000000742000000, 0x0000000742100000, 0x0000000742100000|100%|HC|  |TAMS 0x0000000742000000, 0x0000000742000000| Complete 
|  11|0x0000000742100000, 0x0000000742100000, 0x0000000742200000|  0%| F|  |TAMS 0x0000000742100000, 0x0000000742100000| Untracked 
|  12|0x0000000742200000, 0x0000000742200000, 0x0000000742300000|  0%| F|  |TAMS 0x0000000742200000, 0x0000000742200000| Untracked 
|  13|0x0000000742300000, 0x0000000742300000, 0x0000000742400000|  0%| F|  |TAMS 0x0000000742300000, 0x0000000742300000| Untracked 
|  14|0x0000000742400000, 0x0000000742400000, 0x0000000742500000|  0%| F|  |TAMS 0x0000000742400000, 0x0000000742400000| Untracked 
|  15|0x0000000742500000, 0x0000000742500000, 0x0000000742600000|  0%| F|  |TAMS 0x0000000742500000, 0x0000000742500000| Untracked 
|  16|0x0000000742600000, 0x0000000742600000, 0x0000000742700000|  0%| F|  |TAMS 0x0000000742600000, 0x0000000742600000| Untracked 
|  17|0x0000000742700000, 0x0000000742700000, 0x0000000742800000|  0%| F|  |TAMS 0x0000000742700000, 0x0000000742700000| Untracked 
|  18|0x0000000742800000, 0x0000000742800000, 0x0000000742900000|  0%| F|  |TAMS 0x0000000742800000, 0x0000000742800000| Untracked 
|  19|0x0000000742900000, 0x0000000742900000, 0x0000000742a00000|  0%| F|  |TAMS 0x0000000742900000, 0x0000000742900000| Untracked 
|  20|0x0000000742a00000, 0x0000000742a00000, 0x0000000742b00000|  0%| F|  |TAMS 0x0000000742a00000, 0x0000000742a00000| Untracked 
|  21|0x0000000742b00000, 0x0000000742b00000, 0x0000000742c00000|  0%| F|  |TAMS 0x0000000742b00000, 0x0000000742b00000| Untracked 
|  22|0x0000000742c00000, 0x0000000742c00000, 0x0000000742d00000|  0%| F|  |TAMS 0x0000000742c00000, 0x0000000742c00000| Untracked 
|  23|0x0000000742d00000, 0x0000000742d00000, 0x0000000742e00000|  0%| F|  |TAMS 0x0000000742d00000, 0x0000000742d00000| Untracked 
|  24|0x0000000742e00000, 0x0000000742e00000, 0x0000000742f00000|  0%| F|  |TAMS 0x0000000742e00000, 0x0000000742e00000| Untracked 
|  25|0x0000000742f00000, 0x0000000742f00000, 0x0000000743000000|  0%| F|  |TAMS 0x0000000742f00000, 0x0000000742f00000| Untracked 
|  26|0x0000000743000000, 0x0000000743000000, 0x0000000743100000|  0%| F|  |TAMS 0x0000000743000000, 0x0000000743000000| Untracked 
|  27|0x0000000743100000, 0x0000000743100000, 0x0000000743200000|  0%| F|  |TAMS 0x0000000743100000, 0x0000000743100000| Untracked 
|  28|0x0000000743200000, 0x0000000743200000, 0x0000000743300000|  0%| F|  |TAMS 0x0000000743200000, 0x0000000743200000| Untracked 
|  29|0x0000000743300000, 0x0000000743300000, 0x0000000743400000|  0%| F|  |TAMS 0x0000000743300000, 0x0000000743300000| Untracked 
|  30|0x0000000743400000, 0x0000000743400000, 0x0000000743500000|  0%| F|  |TAMS 0x0000000743400000, 0x0000000743400000| Untracked 
|  31|0x0000000743500000, 0x0000000743500000, 0x0000000743600000|  0%| F|  |TAMS 0x0000000743500000, 0x0000000743500000| Untracked 
|  32|0x0000000743600000, 0x0000000743600000, 0x0000000743700000|  0%| F|  |TAMS 0x0000000743600000, 0x0000000743600000| Untracked 
|  33|0x0000000743700000, 0x0000000743700000, 0x0000000743800000|  0%| F|  |TAMS 0x0000000743700000, 0x0000000743700000| Untracked 
|  34|0x0000000743800000, 0x0000000743800000, 0x0000000743900000|  0%| F|  |TAMS 0x0000000743800000, 0x0000000743800000| Untracked 
|  35|0x0000000743900000, 0x0000000743900000, 0x0000000743a00000|  0%| F|  |TAMS 0x0000000743900000, 0x0000000743900000| Untracked 
|  36|0x0000000743a00000, 0x0000000743a00000, 0x0000000743b00000|  0%| F|  |TAMS 0x0000000743a00000, 0x0000000743a00000| Untracked 
|  37|0x0000000743b00000, 0x0000000743b00000, 0x0000000743c00000|  0%| F|  |TAMS 0x0000000743b00000, 0x0000000743b00000| Untracked 
|  38|0x0000000743c00000, 0x0000000743c00000, 0x0000000743d00000|  0%| F|  |TAMS 0x0000000743c00000, 0x0000000743c00000| Untracked 
|  39|0x0000000743d00000, 0x0000000743d00000, 0x0000000743e00000|  0%| F|  |TAMS 0x0000000743d00000, 0x0000000743d00000| Untracked 
|  40|0x0000000743e00000, 0x0000000743e00000, 0x0000000743f00000|  0%| F|  |TAMS 0x0000000743e00000, 0x0000000743e00000| Untracked 
|  41|0x0000000743f00000, 0x0000000743f00000, 0x0000000744000000|  0%| F|  |TAMS 0x0000000743f00000, 0x0000000743f00000| Untracked 
|  42|0x0000000744000000, 0x0000000744000000, 0x0000000744100000|  0%| F|  |TAMS 0x0000000744000000, 0x0000000744000000| Untracked 
|  43|0x0000000744100000, 0x0000000744100000, 0x0000000744200000|  0%| F|  |TAMS 0x0000000744100000, 0x0000000744100000| Untracked 
|  44|0x0000000744200000, 0x0000000744200000, 0x0000000744300000|  0%| F|  |TAMS 0x0000000744200000, 0x0000000744200000| Untracked 
|  45|0x0000000744300000, 0x0000000744300000, 0x0000000744400000|  0%| F|  |TAMS 0x0000000744300000, 0x0000000744300000| Untracked 
|  46|0x0000000744400000, 0x0000000744400000, 0x0000000744500000|  0%| F|  |TAMS 0x0000000744400000, 0x0000000744400000| Untracked 
|  47|0x0000000744500000, 0x0000000744500000, 0x0000000744600000|  0%| F|  |TAMS 0x0000000744500000, 0x0000000744500000| Untracked 
|  48|0x0000000744600000, 0x0000000744600000, 0x0000000744700000|  0%| F|  |TAMS 0x0000000744600000, 0x0000000744600000| Untracked 
|  49|0x0000000744700000, 0x0000000744700000, 0x0000000744800000|  0%| F|  |TAMS 0x0000000744700000, 0x0000000744700000| Untracked 
|  50|0x0000000744800000, 0x0000000744800000, 0x0000000744900000|  0%| F|  |TAMS 0x0000000744800000, 0x0000000744800000| Untracked 
|  51|0x0000000744900000, 0x0000000744900000, 0x0000000744a00000|  0%| F|  |TAMS 0x0000000744900000, 0x0000000744900000| Untracked 
|  52|0x0000000744a00000, 0x0000000744a00000, 0x0000000744b00000|  0%| F|  |TAMS 0x0000000744a00000, 0x0000000744a00000| Untracked 
|  53|0x0000000744b00000, 0x0000000744b00000, 0x0000000744c00000|  0%| F|  |TAMS 0x0000000744b00000, 0x0000000744b00000| Untracked 
|  54|0x0000000744c00000, 0x0000000744c00000, 0x0000000744d00000|  0%| F|  |TAMS 0x0000000744c00000, 0x0000000744c00000| Untracked 
|  55|0x0000000744d00000, 0x0000000744d00000, 0x0000000744e00000|  0%| F|  |TAMS 0x0000000744d00000, 0x0000000744d00000| Untracked 
|  56|0x0000000744e00000, 0x0000000744e00000, 0x0000000744f00000|  0%| F|  |TAMS 0x0000000744e00000, 0x0000000744e00000| Untracked 
|  57|0x0000000744f00000, 0x0000000744f00000, 0x0000000745000000|  0%| F|  |TAMS 0x0000000744f00000, 0x0000000744f00000| Untracked 
|  58|0x0000000745000000, 0x0000000745000000, 0x0000000745100000|  0%| F|  |TAMS 0x0000000745000000, 0x0000000745000000| Untracked 
|  59|0x0000000745100000, 0x0000000745100000, 0x0000000745200000|  0%| F|  |TAMS 0x0000000745100000, 0x0000000745100000| Untracked 
|  60|0x0000000745200000, 0x0000000745200000, 0x0000000745300000|  0%| F|  |TAMS 0x0000000745200000, 0x0000000745200000| Untracked 
|  61|0x0000000745300000, 0x0000000745300000, 0x0000000745400000|  0%| F|  |TAMS 0x0000000745300000, 0x0000000745300000| Untracked 
|  62|0x0000000745400000, 0x0000000745400000, 0x0000000745500000|  0%| F|  |TAMS 0x0000000745400000, 0x0000000745400000| Untracked 
|  63|0x0000000745500000, 0x0000000745500000, 0x0000000745600000|  0%| F|  |TAMS 0x0000000745500000, 0x0000000745500000| Untracked 
|  64|0x0000000745600000, 0x0000000745600000, 0x0000000745700000|  0%| F|  |TAMS 0x0000000745600000, 0x0000000745600000| Untracked 
|  65|0x0000000745700000, 0x0000000745700000, 0x0000000745800000|  0%| F|  |TAMS 0x0000000745700000, 0x0000000745700000| Untracked 
|  66|0x0000000745800000, 0x0000000745800000, 0x0000000745900000|  0%| F|  |TAMS 0x0000000745800000, 0x0000000745800000| Untracked 
|  67|0x0000000745900000, 0x0000000745900000, 0x0000000745a00000|  0%| F|  |TAMS 0x0000000745900000, 0x0000000745900000| Untracked 
|  68|0x0000000745a00000, 0x0000000745a00000, 0x0000000745b00000|  0%| F|  |TAMS 0x0000000745a00000, 0x0000000745a00000| Untracked 
|  69|0x0000000745b00000, 0x0000000745b00000, 0x0000000745c00000|  0%| F|  |TAMS 0x0000000745b00000, 0x0000000745b00000| Untracked 
|  70|0x0000000745c00000, 0x0000000745c00000, 0x0000000745d00000|  0%| F|  |TAMS 0x0000000745c00000, 0x0000000745c00000| Untracked 
|  71|0x0000000745d00000, 0x0000000745d00000, 0x0000000745e00000|  0%| F|  |TAMS 0x0000000745d00000, 0x0000000745d00000| Untracked 
|  72|0x0000000745e00000, 0x0000000745e00000, 0x0000000745f00000|  0%| F|  |TAMS 0x0000000745e00000, 0x0000000745e00000| Untracked 
|  73|0x0000000745f00000, 0x0000000745f00000, 0x0000000746000000|  0%| F|  |TAMS 0x0000000745f00000, 0x0000000745f00000| Untracked 
|  74|0x0000000746000000, 0x0000000746000000, 0x0000000746100000|  0%| F|  |TAMS 0x0000000746000000, 0x0000000746000000| Untracked 
|  75|0x0000000746100000, 0x0000000746100000, 0x0000000746200000|  0%| F|  |TAMS 0x0000000746100000, 0x0000000746100000| Untracked 
|  76|0x0000000746200000, 0x0000000746200000, 0x0000000746300000|  0%| F|  |TAMS 0x0000000746200000, 0x0000000746200000| Untracked 
|  77|0x0000000746300000, 0x0000000746300000, 0x0000000746400000|  0%| F|  |TAMS 0x0000000746300000, 0x0000000746300000| Untracked 
|  78|0x0000000746400000, 0x0000000746400000, 0x0000000746500000|  0%| F|  |TAMS 0x0000000746400000, 0x0000000746400000| Untracked 
|  79|0x0000000746500000, 0x0000000746500000, 0x0000000746600000|  0%| F|  |TAMS 0x0000000746500000, 0x0000000746500000| Untracked 
|  80|0x0000000746600000, 0x0000000746600000, 0x0000000746700000|  0%| F|  |TAMS 0x0000000746600000, 0x0000000746600000| Untracked 
|  81|0x0000000746700000, 0x0000000746700000, 0x0000000746800000|  0%| F|  |TAMS 0x0000000746700000, 0x0000000746700000| Untracked 
|  82|0x0000000746800000, 0x0000000746800000, 0x0000000746900000|  0%| F|  |TAMS 0x0000000746800000, 0x0000000746800000| Untracked 
|  83|0x0000000746900000, 0x0000000746900000, 0x0000000746a00000|  0%| F|  |TAMS 0x0000000746900000, 0x0000000746900000| Untracked 
|  84|0x0000000746a00000, 0x0000000746a00000, 0x0000000746b00000|  0%| F|  |TAMS 0x0000000746a00000, 0x0000000746a00000| Untracked 
|  85|0x0000000746b00000, 0x0000000746b00000, 0x0000000746c00000|  0%| F|  |TAMS 0x0000000746b00000, 0x0000000746b00000| Untracked 
|  86|0x0000000746c00000, 0x0000000746c00000, 0x0000000746d00000|  0%| F|  |TAMS 0x0000000746c00000, 0x0000000746c00000| Untracked 
|  87|0x0000000746d00000, 0x0000000746d00000, 0x0000000746e00000|  0%| F|  |TAMS 0x0000000746d00000, 0x0000000746d00000| Untracked 
|  88|0x0000000746e00000, 0x0000000746e00000, 0x0000000746f00000|  0%| F|  |TAMS 0x0000000746e00000, 0x0000000746e00000| Untracked 
|  89|0x0000000746f00000, 0x0000000746f00000, 0x0000000747000000|  0%| F|  |TAMS 0x0000000746f00000, 0x0000000746f00000| Untracked 
|  90|0x0000000747000000, 0x0000000747000000, 0x0000000747100000|  0%| F|  |TAMS 0x0000000747000000, 0x0000000747000000| Untracked 
|  91|0x0000000747100000, 0x0000000747100000, 0x0000000747200000|  0%| F|  |TAMS 0x0000000747100000, 0x0000000747100000| Untracked 
|  92|0x0000000747200000, 0x0000000747200000, 0x0000000747300000|  0%| F|  |TAMS 0x0000000747200000, 0x0000000747200000| Untracked 
|  93|0x0000000747300000, 0x0000000747300000, 0x0000000747400000|  0%| F|  |TAMS 0x0000000747300000, 0x0000000747300000| Untracked 
|  94|0x0000000747400000, 0x0000000747400000, 0x0000000747500000|  0%| F|  |TAMS 0x0000000747400000, 0x0000000747400000| Untracked 
|  95|0x0000000747500000, 0x0000000747500000, 0x0000000747600000|  0%| F|  |TAMS 0x0000000747500000, 0x0000000747500000| Untracked 
|  96|0x0000000747600000, 0x0000000747600000, 0x0000000747700000|  0%| F|  |TAMS 0x0000000747600000, 0x0000000747600000| Untracked 
|  97|0x0000000747700000, 0x0000000747700000, 0x0000000747800000|  0%| F|  |TAMS 0x0000000747700000, 0x0000000747700000| Untracked 
|  98|0x0000000747800000, 0x0000000747800000, 0x0000000747900000|  0%| F|  |TAMS 0x0000000747800000, 0x0000000747800000| Untracked 
|  99|0x0000000747900000, 0x0000000747900000, 0x0000000747a00000|  0%| F|  |TAMS 0x0000000747900000, 0x0000000747900000| Untracked 
| 100|0x0000000747a00000, 0x0000000747a00000, 0x0000000747b00000|  0%| F|  |TAMS 0x0000000747a00000, 0x0000000747a00000| Untracked 
| 101|0x0000000747b00000, 0x0000000747b00000, 0x0000000747c00000|  0%| F|  |TAMS 0x0000000747b00000, 0x0000000747b00000| Untracked 
| 102|0x0000000747c00000, 0x0000000747c00000, 0x0000000747d00000|  0%| F|  |TAMS 0x0000000747c00000, 0x0000000747c00000| Untracked 
| 103|0x0000000747d00000, 0x0000000747d00000, 0x0000000747e00000|  0%| F|  |TAMS 0x0000000747d00000, 0x0000000747d00000| Untracked 
| 104|0x0000000747e00000, 0x0000000747e00000, 0x0000000747f00000|  0%| F|  |TAMS 0x0000000747e00000, 0x0000000747e00000| Untracked 
| 105|0x0000000747f00000, 0x0000000747f00000, 0x0000000748000000|  0%| F|  |TAMS 0x0000000747f00000, 0x0000000747f00000| Untracked 
| 106|0x0000000748000000, 0x0000000748000000, 0x0000000748100000|  0%| F|  |TAMS 0x0000000748000000, 0x0000000748000000| Untracked 
| 107|0x0000000748100000, 0x0000000748100000, 0x0000000748200000|  0%| F|  |TAMS 0x0000000748100000, 0x0000000748100000| Untracked 
| 108|0x0000000748200000, 0x0000000748200000, 0x0000000748300000|  0%| F|  |TAMS 0x0000000748200000, 0x0000000748200000| Untracked 
| 109|0x0000000748300000, 0x0000000748300000, 0x0000000748400000|  0%| F|  |TAMS 0x0000000748300000, 0x0000000748300000| Untracked 
| 110|0x0000000748400000, 0x0000000748400000, 0x0000000748500000|  0%| F|  |TAMS 0x0000000748400000, 0x0000000748400000| Untracked 
| 111|0x0000000748500000, 0x0000000748500000, 0x0000000748600000|  0%| F|  |TAMS 0x0000000748500000, 0x0000000748500000| Untracked 
| 112|0x0000000748600000, 0x0000000748600000, 0x0000000748700000|  0%| F|  |TAMS 0x0000000748600000, 0x0000000748600000| Untracked 
| 113|0x0000000748700000, 0x0000000748700000, 0x0000000748800000|  0%| F|  |TAMS 0x0000000748700000, 0x0000000748700000| Untracked 
| 114|0x0000000748800000, 0x0000000748800000, 0x0000000748900000|  0%| F|  |TAMS 0x0000000748800000, 0x0000000748800000| Untracked 
| 115|0x0000000748900000, 0x0000000748900000, 0x0000000748a00000|  0%| F|  |TAMS 0x0000000748900000, 0x0000000748900000| Untracked 
| 116|0x0000000748a00000, 0x0000000748a00000, 0x0000000748b00000|  0%| F|  |TAMS 0x0000000748a00000, 0x0000000748a00000| Untracked 
| 117|0x0000000748b00000, 0x0000000748b00000, 0x0000000748c00000|  0%| F|  |TAMS 0x0000000748b00000, 0x0000000748b00000| Untracked 
| 118|0x0000000748c00000, 0x0000000748c00000, 0x0000000748d00000|  0%| F|  |TAMS 0x0000000748c00000, 0x0000000748c00000| Untracked 
| 119|0x0000000748d00000, 0x0000000748d00000, 0x0000000748e00000|  0%| F|  |TAMS 0x0000000748d00000, 0x0000000748d00000| Untracked 
| 120|0x0000000748e00000, 0x0000000748e00000, 0x0000000748f00000|  0%| F|  |TAMS 0x0000000748e00000, 0x0000000748e00000| Untracked 
| 121|0x0000000748f00000, 0x0000000748f00000, 0x0000000749000000|  0%| F|  |TAMS 0x0000000748f00000, 0x0000000748f00000| Untracked 
| 122|0x0000000749000000, 0x0000000749000000, 0x0000000749100000|  0%| F|  |TAMS 0x0000000749000000, 0x0000000749000000| Untracked 
| 123|0x0000000749100000, 0x0000000749100000, 0x0000000749200000|  0%| F|  |TAMS 0x0000000749100000, 0x0000000749100000| Untracked 
| 124|0x0000000749200000, 0x0000000749200000, 0x0000000749300000|  0%| F|  |TAMS 0x0000000749200000, 0x0000000749200000| Untracked 
| 125|0x0000000749300000, 0x0000000749300000, 0x0000000749400000|  0%| F|  |TAMS 0x0000000749300000, 0x0000000749300000| Untracked 
| 126|0x0000000749400000, 0x0000000749400000, 0x0000000749500000|  0%| F|  |TAMS 0x0000000749400000, 0x0000000749400000| Untracked 
| 127|0x0000000749500000, 0x0000000749500000, 0x0000000749600000|  0%| F|  |TAMS 0x0000000749500000, 0x0000000749500000| Untracked 
| 128|0x0000000749600000, 0x0000000749600000, 0x0000000749700000|  0%| F|  |TAMS 0x0000000749600000, 0x0000000749600000| Untracked 
| 129|0x0000000749700000, 0x0000000749700000, 0x0000000749800000|  0%| F|  |TAMS 0x0000000749700000, 0x0000000749700000| Untracked 
| 130|0x0000000749800000, 0x0000000749800000, 0x0000000749900000|  0%| F|  |TAMS 0x0000000749800000, 0x0000000749800000| Untracked 
| 131|0x0000000749900000, 0x0000000749900000, 0x0000000749a00000|  0%| F|  |TAMS 0x0000000749900000, 0x0000000749900000| Untracked 
| 132|0x0000000749a00000, 0x0000000749a00000, 0x0000000749b00000|  0%| F|  |TAMS 0x0000000749a00000, 0x0000000749a00000| Untracked 
| 133|0x0000000749b00000, 0x0000000749b00000, 0x0000000749c00000|  0%| F|  |TAMS 0x0000000749b00000, 0x0000000749b00000| Untracked 
| 134|0x0000000749c00000, 0x0000000749c00000, 0x0000000749d00000|  0%| F|  |TAMS 0x0000000749c00000, 0x0000000749c00000| Untracked 
| 135|0x0000000749d00000, 0x0000000749d00000, 0x0000000749e00000|  0%| F|  |TAMS 0x0000000749d00000, 0x0000000749d00000| Untracked 
| 136|0x0000000749e00000, 0x0000000749e00000, 0x0000000749f00000|  0%| F|  |TAMS 0x0000000749e00000, 0x0000000749e00000| Untracked 
| 137|0x0000000749f00000, 0x0000000749f56220, 0x000000074a000000| 33%| S|CS|TAMS 0x0000000749f00000, 0x0000000749f00000| Complete 
| 138|0x000000074a000000, 0x000000074a100000, 0x000000074a100000|100%| S|CS|TAMS 0x000000074a000000, 0x000000074a000000| Complete 
| 139|0x000000074a100000, 0x000000074a200000, 0x000000074a200000|100%| S|CS|TAMS 0x000000074a100000, 0x000000074a100000| Complete 
| 140|0x000000074a200000, 0x000000074a300000, 0x000000074a300000|100%| S|CS|TAMS 0x000000074a200000, 0x000000074a200000| Complete 
| 141|0x000000074a300000, 0x000000074a400000, 0x000000074a400000|100%| S|CS|TAMS 0x000000074a300000, 0x000000074a300000| Complete 
| 142|0x000000074a400000, 0x000000074a500000, 0x000000074a500000|100%| S|CS|TAMS 0x000000074a400000, 0x000000074a400000| Complete 
| 143|0x000000074a500000, 0x000000074a600000, 0x000000074a600000|100%| S|CS|TAMS 0x000000074a500000, 0x000000074a500000| Complete 
| 144|0x000000074a600000, 0x000000074a600000, 0x000000074a700000|  0%| F|  |TAMS 0x000000074a600000, 0x000000074a600000| Untracked 
| 145|0x000000074a700000, 0x000000074a700000, 0x000000074a800000|  0%| F|  |TAMS 0x000000074a700000, 0x000000074a700000| Untracked 
| 146|0x000000074a800000, 0x000000074a800000, 0x000000074a900000|  0%| F|  |TAMS 0x000000074a800000, 0x000000074a800000| Untracked 
| 147|0x000000074a900000, 0x000000074a900000, 0x000000074aa00000|  0%| F|  |TAMS 0x000000074a900000, 0x000000074a900000| Untracked 
| 148|0x000000074aa00000, 0x000000074aa00000, 0x000000074ab00000|  0%| F|  |TAMS 0x000000074aa00000, 0x000000074aa00000| Untracked 
| 149|0x000000074ab00000, 0x000000074ab00000, 0x000000074ac00000|  0%| F|  |TAMS 0x000000074ab00000, 0x000000074ab00000| Untracked 
| 150|0x000000074ac00000, 0x000000074ac00000, 0x000000074ad00000|  0%| F|  |TAMS 0x000000074ac00000, 0x000000074ac00000| Untracked 
| 151|0x000000074ad00000, 0x000000074ad00000, 0x000000074ae00000|  0%| F|  |TAMS 0x000000074ad00000, 0x000000074ad00000| Untracked 
| 152|0x000000074ae00000, 0x000000074ae00000, 0x000000074af00000|  0%| F|  |TAMS 0x000000074ae00000, 0x000000074ae00000| Untracked 
| 153|0x000000074af00000, 0x000000074af00000, 0x000000074b000000|  0%| F|  |TAMS 0x000000074af00000, 0x000000074af00000| Untracked 
| 154|0x000000074b000000, 0x000000074b000000, 0x000000074b100000|  0%| F|  |TAMS 0x000000074b000000, 0x000000074b000000| Untracked 
| 155|0x000000074b100000, 0x000000074b100000, 0x000000074b200000|  0%| F|  |TAMS 0x000000074b100000, 0x000000074b100000| Untracked 
| 156|0x000000074b200000, 0x000000074b200000, 0x000000074b300000|  0%| F|  |TAMS 0x000000074b200000, 0x000000074b200000| Untracked 
| 157|0x000000074b300000, 0x000000074b300000, 0x000000074b400000|  0%| F|  |TAMS 0x000000074b300000, 0x000000074b300000| Untracked 
| 158|0x000000074b400000, 0x000000074b400000, 0x000000074b500000|  0%| F|  |TAMS 0x000000074b400000, 0x000000074b400000| Untracked 
| 159|0x000000074b500000, 0x000000074b500000, 0x000000074b600000|  0%| F|  |TAMS 0x000000074b500000, 0x000000074b500000| Untracked 
| 160|0x000000074b600000, 0x000000074b600000, 0x000000074b700000|  0%| F|  |TAMS 0x000000074b600000, 0x000000074b600000| Untracked 
| 161|0x000000074b700000, 0x000000074b700000, 0x000000074b800000|  0%| F|  |TAMS 0x000000074b700000, 0x000000074b700000| Untracked 
| 162|0x000000074b800000, 0x000000074b800000, 0x000000074b900000|  0%| F|  |TAMS 0x000000074b800000, 0x000000074b800000| Untracked 
| 163|0x000000074b900000, 0x000000074b900000, 0x000000074ba00000|  0%| F|  |TAMS 0x000000074b900000, 0x000000074b900000| Untracked 
| 164|0x000000074ba00000, 0x000000074ba00000, 0x000000074bb00000|  0%| F|  |TAMS 0x000000074ba00000, 0x000000074ba00000| Untracked 
| 165|0x000000074bb00000, 0x000000074bb00000, 0x000000074bc00000|  0%| F|  |TAMS 0x000000074bb00000, 0x000000074bb00000| Untracked 
| 166|0x000000074bc00000, 0x000000074bc00000, 0x000000074bd00000|  0%| F|  |TAMS 0x000000074bc00000, 0x000000074bc00000| Untracked 
| 167|0x000000074bd00000, 0x000000074be00000, 0x000000074be00000|100%| E|  |TAMS 0x000000074bd00000, 0x000000074bd00000| Complete 
| 168|0x000000074be00000, 0x000000074bf00000, 0x000000074bf00000|100%| E|CS|TAMS 0x000000074be00000, 0x000000074be00000| Complete 
| 169|0x000000074bf00000, 0x000000074c000000, 0x000000074c000000|100%| E|CS|TAMS 0x000000074bf00000, 0x000000074bf00000| Complete 
| 170|0x000000074c000000, 0x000000074c100000, 0x000000074c100000|100%| E|CS|TAMS 0x000000074c000000, 0x000000074c000000| Complete 
| 171|0x000000074c100000, 0x000000074c200000, 0x000000074c200000|100%| E|CS|TAMS 0x000000074c100000, 0x000000074c100000| Complete 
| 172|0x000000074c200000, 0x000000074c300000, 0x000000074c300000|100%| E|CS|TAMS 0x000000074c200000, 0x000000074c200000| Complete 
| 173|0x000000074c300000, 0x000000074c400000, 0x000000074c400000|100%| E|CS|TAMS 0x000000074c300000, 0x000000074c300000| Complete 
| 174|0x000000074c400000, 0x000000074c500000, 0x000000074c500000|100%| E|CS|TAMS 0x000000074c400000, 0x000000074c400000| Complete 
| 175|0x000000074c500000, 0x000000074c600000, 0x000000074c600000|100%| E|CS|TAMS 0x000000074c500000, 0x000000074c500000| Complete 
| 176|0x000000074c600000, 0x000000074c700000, 0x000000074c700000|100%| E|CS|TAMS 0x000000074c600000, 0x000000074c600000| Complete 
| 177|0x000000074c700000, 0x000000074c800000, 0x000000074c800000|100%| E|CS|TAMS 0x000000074c700000, 0x000000074c700000| Complete 
| 178|0x000000074c800000, 0x000000074c900000, 0x000000074c900000|100%| E|CS|TAMS 0x000000074c800000, 0x000000074c800000| Complete 
| 179|0x000000074c900000, 0x000000074ca00000, 0x000000074ca00000|100%| E|CS|TAMS 0x000000074c900000, 0x000000074c900000| Complete 
| 180|0x000000074ca00000, 0x000000074cb00000, 0x000000074cb00000|100%| E|CS|TAMS 0x000000074ca00000, 0x000000074ca00000| Complete 
| 181|0x000000074cb00000, 0x000000074cc00000, 0x000000074cc00000|100%| E|CS|TAMS 0x000000074cb00000, 0x000000074cb00000| Complete 
| 182|0x000000074cc00000, 0x000000074cd00000, 0x000000074cd00000|100%| E|CS|TAMS 0x000000074cc00000, 0x000000074cc00000| Complete 
| 183|0x000000074cd00000, 0x000000074ce00000, 0x000000074ce00000|100%| E|CS|TAMS 0x000000074cd00000, 0x000000074cd00000| Complete 
| 184|0x000000074ce00000, 0x000000074cf00000, 0x000000074cf00000|100%| E|CS|TAMS 0x000000074ce00000, 0x000000074ce00000| Complete 
| 185|0x000000074cf00000, 0x000000074d000000, 0x000000074d000000|100%| E|CS|TAMS 0x000000074cf00000, 0x000000074cf00000| Complete 
| 186|0x000000074d000000, 0x000000074d100000, 0x000000074d100000|100%| E|CS|TAMS 0x000000074d000000, 0x000000074d000000| Complete 
| 187|0x000000074d100000, 0x000000074d200000, 0x000000074d200000|100%| E|CS|TAMS 0x000000074d100000, 0x000000074d100000| Complete 
| 188|0x000000074d200000, 0x000000074d300000, 0x000000074d300000|100%| E|CS|TAMS 0x000000074d200000, 0x000000074d200000| Complete 
| 189|0x000000074d300000, 0x000000074d400000, 0x000000074d400000|100%| E|CS|TAMS 0x000000074d300000, 0x000000074d300000| Complete 
| 190|0x000000074d400000, 0x000000074d500000, 0x000000074d500000|100%| E|CS|TAMS 0x000000074d400000, 0x000000074d400000| Complete 
| 191|0x000000074d500000, 0x000000074d600000, 0x000000074d600000|100%| E|CS|TAMS 0x000000074d500000, 0x000000074d500000| Complete 

Card table byte_map: [0x000002a8c1c50000,0x000002a8c2250000] _byte_map_base: 0x000002a8be245000

Marking Bits (Prev, Next): (CMBitMap*) 0x000002a8ae57c5a0, (CMBitMap*) 0x000002a8ae57c568
 Prev Bits: [0x000002a8c5800000, 0x000002a8c87a8000)
 Next Bits: [0x000002a8c2850000, 0x000002a8c57f8000)

Polling page: 0x000002a8acc30000

Metaspace:

Usage:
  Non-class:     24.27 MB capacity,    24.04 MB (>99%) used,   199.63 KB ( <1%) free+waste,    42.44 KB ( <1%) overhead. 
      Class:      3.12 MB capacity,     2.92 MB ( 94%) used,   180.24 KB (  6%) free+waste,    19.44 KB ( <1%) overhead. 
       Both:     27.39 MB capacity,    26.96 MB ( 98%) used,   379.87 KB (  1%) free+waste,    61.88 KB ( <1%) overhead. 

Virtual space:
  Non-class space:       30.00 MB reserved,      24.50 MB ( 82%) committed 
      Class space:        1.00 GB reserved,       3.13 MB ( <1%) committed 
             Both:        1.03 GB reserved,      27.62 MB (  3%) committed 

Chunk freelists:
   Non-Class:  36.00 KB
       Class:  10.00 KB
        Both:  46.00 KB

MaxMetaspaceSize: 17179869184.00 GB
CompressedClassSpaceSize: 1.00 GB

CodeHeap 'non-profiled nmethods': size=120064Kb used=666Kb max_used=666Kb free=119397Kb
 bounds [0x000002a8b9ae0000, 0x000002a8b9d50000, 0x000002a8c1020000]
CodeHeap 'profiled nmethods': size=120000Kb used=3752Kb max_used=3752Kb free=116247Kb
 bounds [0x000002a8b25b0000, 0x000002a8b2960000, 0x000002a8b9ae0000]
CodeHeap 'non-nmethods': size=5696Kb used=1165Kb max_used=1178Kb free=4530Kb
 bounds [0x000002a8b2020000, 0x000002a8b2290000, 0x000002a8b25b0000]
 total_blobs=2484 nmethods=1989 adapters=406
 compilation: enabled
              stopped_count=0, restarted_count=0
 full_count=0

Compilation events (20 events):
Event: 2.253 Thread 0x000002a8cb6f1800 nmethod 1958 0x000002a8b294d110 code [0x000002a8b294d2c0, 0x000002a8b294d3b8]
Event: 2.254 Thread 0x000002a8cb6f1800 1959       3       jdk.internal.org.objectweb.asm.MethodWriter::getSize (838 bytes)
Event: 2.258 Thread 0x000002a8cb6f1800 nmethod 1959 0x000002a8b294d490 code [0x000002a8b294d940, 0x000002a8b294f928]
Event: 2.258 Thread 0x000002a8cb6f1800 1961       1       java.lang.reflect.Constructor::getRoot (5 bytes)
Event: 2.258 Thread 0x000002a8cb6f1800 nmethod 1961 0x000002a8b9b82690 code [0x000002a8b9b82840, 0x000002a8b9b828f8]
Event: 2.268 Thread 0x000002a8cb6f1800 1963       1       java.lang.invoke.MethodHandleNatives::isPullModeBSM (2 bytes)
Event: 2.268 Thread 0x000002a8cb6f1800 nmethod 1963 0x000002a8b9b82990 code [0x000002a8b9b82b40, 0x000002a8b9b82bd8]
Event: 2.269 Thread 0x000002a8cb6f1800 1964       3       java.lang.invoke.ConstantCallSite::getTarget (20 bytes)
Event: 2.269 Thread 0x000002a8cb6f1800 nmethod 1964 0x000002a8b2950710 code [0x000002a8b29508e0, 0x000002a8b2950b08]
Event: 2.276 Thread 0x000002a8cb6f1800 1965       3       jdk.internal.org.objectweb.asm.MethodWriter::visitTypeInsn (120 bytes)
Event: 2.276 Thread 0x000002a8cb6f1800 nmethod 1965 0x000002a8b2950c10 code [0x000002a8b2950e00, 0x000002a8b29511c8]
Event: 2.289 Thread 0x000002a8cb6f1800 1966       1       org.jetbrains.kotlin.cli.jvm.config.JvmClasspathRoot::getFile (5 bytes)
Event: 2.289 Thread 0x000002a8cb84f000 1967       4       java.lang.ClassLoader::findLoadedClass (16 bytes)
Event: 2.289 Thread 0x000002a8cb6f1800 nmethod 1966 0x000002a8b9b82c90 code [0x000002a8b9b82e40, 0x000002a8b9b82ef8]
Event: 2.298 Thread 0x000002a8cb84f000 nmethod 1967 0x000002a8b9b83390 code [0x000002a8b9b83540, 0x000002a8b9b837c8]
Event: 2.310 Thread 0x000002a8cb6f1800 1969       3       java.util.ImmutableCollections$Set12::contains (28 bytes)
Event: 2.310 Thread 0x000002a8cb6f1800 nmethod 1969 0x000002a8b2951390 code [0x000002a8b2951560, 0x000002a8b29518b8]
Event: 2.319 Thread 0x000002a8cb84f000 1972       4       java.lang.String::concat (115 bytes)
Event: 2.327 Thread 0x000002a8cb84f000 nmethod 1972 0x000002a8b9b84090 code [0x000002a8b9b84240, 0x000002a8b9b846b8]
Event: 2.329 Thread 0x000002a8cb84f000 1974       4       java.lang.Integer::stringSize (47 bytes)

GC Heap History (4 events):
Event: 0.581 GC heap before
{Heap before GC invocations=0 (full 0):
 garbage-first heap   total 196608K, used 17408K [0x0000000741600000, 0x0000000800000000)
  region size 1024K, 14 young (14336K), 0 survivors (0K)
 Metaspace       used 9774K, capacity 9871K, committed 10112K, reserved 1058816K
  class space    used 828K, capacity 884K, committed 896K, reserved 1048576K
}
Event: 0.584 GC heap after
{Heap after GC invocations=1 (full 0):
 garbage-first heap   total 196608K, used 5140K [0x0000000741600000, 0x0000000800000000)
  region size 1024K, 2 young (2048K), 2 survivors (2048K)
 Metaspace       used 9774K, capacity 9871K, committed 10112K, reserved 1058816K
  class space    used 828K, capacity 884K, committed 896K, reserved 1048576K
}
Event: 1.714 GC heap before
{Heap before GC invocations=1 (full 0):
 garbage-first heap   total 196608K, used 51220K [0x0000000741600000, 0x0000000800000000)
  region size 1024K, 48 young (49152K), 2 survivors (2048K)
 Metaspace       used 20981K, capacity 21190K, committed 21248K, reserved 1069056K
  class space    used 2215K, capacity 2297K, committed 2304K, reserved 1048576K
}
Event: 1.731 GC heap after
{Heap after GC invocations=2 (full 0):
 garbage-first heap   total 196608K, used 9581K [0x0000000741600000, 0x0000000800000000)
  region size 1024K, 7 young (7168K), 7 survivors (7168K)
 Metaspace       used 20981K, capacity 21190K, committed 21248K, reserved 1069056K
  class space    used 2215K, capacity 2297K, committed 2304K, reserved 1048576K
}

Deoptimization events (20 events):
Event: 2.026 Thread 0x000002a8ae52b000 Uncommon trap: trap_request=0xffffffde fr.pc=0x000002a8b9b33f04 relative=0x0000000000000064
Event: 2.026 Thread 0x000002a8ae52b000 Uncommon trap: reason=class_check action=maybe_recompile pc=0x000002a8b9b33f04 method=java.util.Collections$UnmodifiableCollection.size()I @ 4 c2
Event: 2.026 Thread 0x000002a8ae52b000 DEOPT PACKING pc=0x000002a8b9b33f04 sp=0x000000bafe7fc260
Event: 2.026 Thread 0x000002a8ae52b000 DEOPT UNPACKING pc=0x000002a8b2047b2f sp=0x000000bafe7fc1f0 mode 2
Event: 2.084 Thread 0x000002a8ae52b000 Uncommon trap: trap_request=0xffffff4d fr.pc=0x000002a8b9b6ae68 relative=0x00000000000001c8
Event: 2.084 Thread 0x000002a8ae52b000 Uncommon trap: reason=unstable_if action=reinterpret pc=0x000002a8b9b6ae68 method=java.util.Arrays.hashCode([B)I @ 1 c2
Event: 2.084 Thread 0x000002a8ae52b000 DEOPT PACKING pc=0x000002a8b9b6ae68 sp=0x000000bafe7fe650
Event: 2.084 Thread 0x000002a8ae52b000 DEOPT UNPACKING pc=0x000002a8b2047b2f sp=0x000000bafe7fe5c0 mode 2
Event: 2.087 Thread 0x000002a8ae52b000 Uncommon trap: trap_request=0xffffff4d fr.pc=0x000002a8b9b6c274 relative=0x00000000000000d4
Event: 2.087 Thread 0x000002a8ae52b000 Uncommon trap: reason=unstable_if action=reinterpret pc=0x000002a8b9b6c274 method=jdk.nio.zipfs.ZipConstants.pkSigAt([BIII)Z @ 5 c2
Event: 2.087 Thread 0x000002a8ae52b000 DEOPT PACKING pc=0x000002a8b9b6c274 sp=0x000000bafe7fe4b0
Event: 2.087 Thread 0x000002a8ae52b000 DEOPT UNPACKING pc=0x000002a8b2047b2f sp=0x000000bafe7fe458 mode 2
Event: 2.117 Thread 0x000002a8ae52b000 Uncommon trap: trap_request=0xffffff6e fr.pc=0x000002a8b9b66b74 relative=0x00000000000014b4
Event: 2.117 Thread 0x000002a8ae52b000 Uncommon trap: reason=speculate_class_check action=maybe_recompile pc=0x000002a8b9b66b74 method=java.util.zip.InflaterInputStream.read([BII)I @ 100 c2
Event: 2.117 Thread 0x000002a8ae52b000 DEOPT PACKING pc=0x000002a8b9b66b74 sp=0x000000bafe7fe660
Event: 2.117 Thread 0x000002a8ae52b000 DEOPT UNPACKING pc=0x000002a8b2047b2f sp=0x000000bafe7fe6c0 mode 2
Event: 2.233 Thread 0x000002a8ae52b000 Uncommon trap: trap_request=0xffffff4d fr.pc=0x000002a8b9b51d38 relative=0x0000000000000198
Event: 2.233 Thread 0x000002a8ae52b000 Uncommon trap: reason=unstable_if action=reinterpret pc=0x000002a8b9b51d38 method=java.lang.String.startsWith(Ljava/lang/String;I)Z @ 1 c2
Event: 2.233 Thread 0x000002a8ae52b000 DEOPT PACKING pc=0x000002a8b9b51d38 sp=0x000000bafe7fdfc0
Event: 2.233 Thread 0x000002a8ae52b000 DEOPT UNPACKING pc=0x000002a8b2047b2f sp=0x000000bafe7fdf30 mode 2

Classes redefined (0 events):
No events

Internal exceptions (18 events):
Event: 1.379 Thread 0x000002a8ae52b000 Exception <a 'java/lang/NoSuchMethodError'{0x000000074b55f958}: 'int java.lang.invoke.DirectMethodHandle$Holder.invokeSpecialIFC(java.lang.Object, java.lang.Object, int)'> (0x000000074b55f958) thrown at [./src/hotspot/share/interpreter/linkResolver.cpp, line 773]
Event: 1.608 Thread 0x000002a8ae52b000 Exception <a 'java/lang/NoSuchMethodError'{0x000000074accd3c0}: 'java.lang.Object java.lang.invoke.DirectMethodHandle$Holder.invokeStaticInit(java.lang.Object, int)'> (0x000000074accd3c0) thrown at [./src/hotspot/share/interpreter/linkResolver.cpp, line 773]
Event: 1.637 Thread 0x000002a8ae52b000 Exception <a 'java/lang/NoSuchMethodError'{0x000000074aa591a8}: 'long java.lang.invoke.DirectMethodHandle$Holder.invokeStatic(java.lang.Object)'> (0x000000074aa591a8) thrown at [./src/hotspot/share/interpreter/linkResolver.cpp, line 773]
Event: 1.638 Thread 0x000002a8ae52b000 Exception <a 'java/lang/NoSuchMethodError'{0x000000074aa5c000}: 'long java.lang.invoke.DirectMethodHandle$Holder.invokeStaticInit(java.lang.Object)'> (0x000000074aa5c000) thrown at [./src/hotspot/share/interpreter/linkResolver.cpp, line 773]
Event: 1.701 Thread 0x000002a8ae52b000 Exception <a 'java/lang/NoSuchMethodError'{0x000000074a7c7040}: 'int java.lang.invoke.DirectMethodHandle$Holder.invokeStaticInit(java.lang.Object, java.lang.Object, java.lang.Object)'> (0x000000074a7c7040) thrown at [./src/hotspot/share/interpreter/linkResolver.cpp, line 773]
Event: 1.706 Thread 0x000002a8ae52b000 Exception <a 'java/lang/NoSuchMethodError'{0x000000074a7f2700}: 'int java.lang.invoke.DirectMethodHandle$Holder.invokeStaticInit(java.lang.Object, java.lang.Object)'> (0x000000074a7f2700) thrown at [./src/hotspot/share/interpreter/linkResolver.cpp, line 773]
Event: 2.019 Thread 0x000002a8ae52b000 Exception <a 'java/lang/NoSuchMethodError'{0x000000074cc363a8}: 'java.lang.Object java.lang.invoke.DirectMethodHandle$Holder.invokeStatic(java.lang.Object, java.lang.Object, java.lang.Object, java.lang.Object, java.lang.Object, java.lang.Object, java.lang.Object, java.lang.Object, java.lang.Object, java.lang.Object, java.lang.Object, java.lang.Object, java.lang.Object, java.lang.Object, java.lang.Object)'> (0x000000074cc363a8) thrown at [./src/hotspot/share/interpreter/linkResolver.cpp, line 773]
Event: 2.020 Thread 0x000002a8ae52b000 Exception <a 'java/lang/NoSuchMethodError'{0x000000074cc443b0}: 'java.lang.Object java.lang.invoke.DirectMethodHandle$Holder.invokeStatic(java.lang.Object, java.lang.Object, java.lang.Object, java.lang.Object, java.lang.Object, java.lang.Object, java.lang.Object, java.lang.Object, java.lang.Object, java.lang.Object, java.lang.Object, java.lang.Object, java.lang.Object, java.lang.Object, java.lang.Object, java.lang.Object)'> (0x000000074cc443b0) thrown at [./src/hotspot/share/interpreter/linkResolver.cpp, l
Event: 2.022 Thread 0x000002a8ae52b000 Exception <a 'java/lang/NoSuchMethodError'{0x000000074cc522c8}: 'java.lang.Object java.lang.invoke.DirectMethodHandle$Holder.invokeSpecial(java.lang.Object, java.lang.Object, int, int, java.lang.Object, java.lang.Object, java.lang.Object)'> (0x000000074cc522c8) thrown at [./src/hotspot/share/interpreter/linkResolver.cpp, line 773]
Event: 2.023 Thread 0x000002a8ae52b000 Exception <a 'java/lang/NoSuchMethodError'{0x000000074cc55b00}: 'java.lang.Object java.lang.invoke.DelegatingMethodHandle$Holder.reinvoke_L(java.lang.Object, int, int, java.lang.Object, java.lang.Object, java.lang.Object)'> (0x000000074cc55b00) thrown at [./src/hotspot/share/interpreter/linkResolver.cpp, line 773]
Event: 2.024 Thread 0x000002a8ae52b000 Exception <a 'java/lang/NoSuchMethodError'{0x000000074cc59e88}: 'java.lang.Object java.lang.invoke.DirectMethodHandle$Holder.invokeStatic(java.lang.Object, java.lang.Object, java.lang.Object, java.lang.Object, int)'> (0x000000074cc59e88) thrown at [./src/hotspot/share/interpreter/linkResolver.cpp, line 773]
Event: 2.084 Thread 0x000002a8ae52b000 Implicit null exception at 0x000002a8b9b6acac to 0x000002a8b9b6ae5a
Event: 2.122 Thread 0x000002a8ae52b000 Exception <a 'java/lang/NoSuchMethodError'{0x000000074c7bd9e8}: 'void java.lang.invoke.DirectMethodHandle$Holder.invokeStatic(java.lang.Object, java.lang.Object, java.lang.Object, java.lang.Object)'> (0x000000074c7bd9e8) thrown at [./src/hotspot/share/interpreter/linkResolver.cpp, line 773]
Event: 2.149 Thread 0x000002a8ae52b000 Exception <a 'java/lang/NoSuchMethodError'{0x000000074c50f130}: 'void java.lang.invoke.DirectMethodHandle$Holder.invokeSpecial(java.lang.Object, java.lang.Object)'> (0x000000074c50f130) thrown at [./src/hotspot/share/interpreter/linkResolver.cpp, line 773]
Event: 2.195 Thread 0x000002a8ae52b000 Exception <a 'java/lang/NoSuchMethodError'{0x000000074c3b1bd8}: 'void java.lang.invoke.DirectMethodHandle$Holder.invokeStaticInit(java.lang.Object, java.lang.Object)'> (0x000000074c3b1bd8) thrown at [./src/hotspot/share/interpreter/linkResolver.cpp, line 773]
Event: 2.208 Thread 0x000002a8ae52b000 Exception <a 'java/lang/NoSuchMethodError'{0x000000074c3efff0}: 'void java.lang.invoke.DirectMethodHandle$Holder.invokeInterface(java.lang.Object, java.lang.Object)'> (0x000000074c3efff0) thrown at [./src/hotspot/share/interpreter/linkResolver.cpp, line 773]
Event: 2.315 Thread 0x000002a8ae52b000 Exception <a 'java/lang/NoSuchMethodError'{0x000000074be6a908}: 'void java.lang.invoke.DirectMethodHandle$Holder.invokeVirtual(java.lang.Object, java.lang.Object)'> (0x000000074be6a908) thrown at [./src/hotspot/share/interpreter/linkResolver.cpp, line 773]
Event: 2.328 Thread 0x000002a8ae52b000 Exception <a 'java/lang/NoSuchMethodError'{0x000000074bee4010}: 'int java.lang.invoke.DirectMethodHandle$Holder.invokeVirtual(java.lang.Object, java.lang.Object)'> (0x000000074bee4010) thrown at [./src/hotspot/share/interpreter/linkResolver.cpp, line 773]

Events (20 events):
Event: 2.324 loading class org/jetbrains/kotlin/com/intellij/openapi/util/LazyInstance
Event: 2.324 loading class org/jetbrains/kotlin/com/intellij/openapi/util/LazyInstance done
Event: 2.324 loading class org/jetbrains/kotlin/com/intellij/util/KeyedLazyInstanceEP$1
Event: 2.324 loading class org/jetbrains/kotlin/com/intellij/util/KeyedLazyInstanceEP$1 done
Event: 2.324 loading class org/jetbrains/kotlin/com/intellij/util/KeyedLazyInstance
Event: 2.324 loading class org/jetbrains/kotlin/com/intellij/util/KeyedLazyInstance done
Event: 2.324 loading class org/jetbrains/kotlin/com/intellij/util/KeyedLazyInstance
Event: 2.324 loading class org/jetbrains/kotlin/com/intellij/util/KeyedLazyInstance done
Event: 2.325 loading class org/jetbrains/kotlin/com/intellij/util/containers/ImmutableList$SubList
Event: 2.325 loading class org/jetbrains/kotlin/com/intellij/util/containers/ImmutableList$SubList done
Event: 2.325 loading class org/jetbrains/kotlin/com/intellij/util/containers/ImmutableList$Singleton
Event: 2.325 loading class org/jetbrains/kotlin/com/intellij/util/containers/ImmutableList$Singleton done
Event: 2.326 loading class org/jetbrains/kotlin/extensions/PreprocessedFileCreator
Event: 2.326 loading class org/jetbrains/kotlin/extensions/PreprocessedFileCreator done
Event: 2.327 loading class org/jetbrains/kotlin/extensions/PreprocessedFileCreator$validExts$2
Event: 2.327 loading class org/jetbrains/kotlin/extensions/PreprocessedFileCreator$validExts$2 done
Event: 2.329 loading class kotlin/io/FileWalkDirection
Event: 2.329 loading class kotlin/io/FileWalkDirection done
Event: 2.329 loading class kotlin/io/FileTreeWalk
Event: 2.329 loading class kotlin/io/FileTreeWalk done


Dynamic libraries:
0x00007ff66d380000 - 0x00007ff66d38a000 	C:\Program Files\Android\Android Studio4\jre\bin\java.exe
0x00007ff9fd310000 - 0x00007ff9fd505000 	C:\WINDOWS\SYSTEM32\ntdll.dll
0x00007ff9fd1b0000 - 0x00007ff9fd26d000 	C:\WINDOWS\System32\KERNEL32.DLL
0x00007ff9faa50000 - 0x00007ff9fad1d000 	C:\WINDOWS\System32\KERNELBASE.dll
0x00007ff9faf60000 - 0x00007ff9fb060000 	C:\WINDOWS\System32\ucrtbase.dll
0x00007ff9cdab0000 - 0x00007ff9cdac7000 	C:\Program Files\Android\Android Studio4\jre\bin\VCRUNTIME140.dll
0x00007ff9d0e90000 - 0x00007ff9d0ea9000 	C:\Program Files\Android\Android Studio4\jre\bin\jli.dll
0x00007ff9fb860000 - 0x00007ff9fba00000 	C:\WINDOWS\System32\USER32.dll
0x00007ff9e4f10000 - 0x00007ff9e51aa000 	C:\WINDOWS\WinSxS\amd64_microsoft.windows.common-controls_6595b64144ccf1df_6.0.19041.1110_none_60b5254171f9507e\COMCTL32.dll
0x00007ff9faa20000 - 0x00007ff9faa42000 	C:\WINDOWS\System32\win32u.dll
0x00007ff9fb660000 - 0x00007ff9fb6fe000 	C:\WINDOWS\System32\msvcrt.dll
0x00007ff9fb5d0000 - 0x00007ff9fb5fa000 	C:\WINDOWS\System32\GDI32.dll
0x00007ff9fae50000 - 0x00007ff9faf5b000 	C:\WINDOWS\System32\gdi32full.dll
0x00007ff9fad20000 - 0x00007ff9fadbd000 	C:\WINDOWS\System32\msvcp_win.dll
0x00007ff9fba00000 - 0x00007ff9fba30000 	C:\WINDOWS\System32\IMM32.DLL
0x00007ff9c97c0000 - 0x00007ff9c985d000 	C:\Program Files\Android\Android Studio4\jre\bin\msvcp140.dll
0x00007ff9b14c0000 - 0x00007ff9b1f8f000 	C:\Program Files\Android\Android Studio4\jre\bin\server\jvm.dll
0x00007ff9fc8f0000 - 0x00007ff9fc99e000 	C:\WINDOWS\System32\ADVAPI32.dll
0x00007ff9fb4a0000 - 0x00007ff9fb53c000 	C:\WINDOWS\System32\sechost.dll
0x00007ff9fcfd0000 - 0x00007ff9fd0f5000 	C:\WINDOWS\System32\RPCRT4.dll
0x00007ff9fb700000 - 0x00007ff9fb708000 	C:\WINDOWS\System32\PSAPI.DLL
0x00007ff9f8250000 - 0x00007ff9f825a000 	C:\WINDOWS\SYSTEM32\VERSION.dll
0x00007ff9e7a40000 - 0x00007ff9e7a67000 	C:\WINDOWS\SYSTEM32\WINMM.dll
0x00007ff9e8c40000 - 0x00007ff9e8c49000 	C:\WINDOWS\SYSTEM32\WSOCK32.dll
0x00007ff9fb7f0000 - 0x00007ff9fb85b000 	C:\WINDOWS\System32\WS2_32.dll
0x00007ff9f8920000 - 0x00007ff9f8932000 	C:\WINDOWS\SYSTEM32\kernel.appcore.dll
0x00007ff9f6530000 - 0x00007ff9f6541000 	C:\Program Files\Android\Android Studio4\jre\bin\verify.dll
0x00007ff9f53d0000 - 0x00007ff9f55b4000 	C:\WINDOWS\SYSTEM32\DBGHELP.DLL
0x00007ff9e1780000 - 0x00007ff9e17ac000 	C:\WINDOWS\SYSTEM32\dbgcore.DLL
0x00007ff9fadc0000 - 0x00007ff9fae42000 	C:\WINDOWS\System32\bcryptPrimitives.dll
0x00007ff9f2d50000 - 0x00007ff9f2d79000 	C:\Program Files\Android\Android Studio4\jre\bin\java.dll
0x00007ff9f6500000 - 0x00007ff9f650b000 	C:\Program Files\Android\Android Studio4\jre\bin\jimage.dll
0x00007ff9e0080000 - 0x00007ff9e0098000 	C:\Program Files\Android\Android Studio4\jre\bin\zip.dll
0x00007ff9fba30000 - 0x00007ff9fc174000 	C:\WINDOWS\System32\SHELL32.dll
0x00007ff9f8b20000 - 0x00007ff9f92b4000 	C:\WINDOWS\SYSTEM32\windows.storage.dll
0x00007ff9fc590000 - 0x00007ff9fc8e4000 	C:\WINDOWS\System32\combase.dll
0x00007ff9fa480000 - 0x00007ff9fa4ac000 	C:\WINDOWS\SYSTEM32\Wldp.dll
0x00007ff9fb3f0000 - 0x00007ff9fb49d000 	C:\WINDOWS\System32\SHCORE.dll
0x00007ff9fc450000 - 0x00007ff9fc4a5000 	C:\WINDOWS\System32\shlwapi.dll
0x00007ff9fa960000 - 0x00007ff9fa97f000 	C:\WINDOWS\SYSTEM32\profapi.dll
0x00007ff9df7e0000 - 0x00007ff9df7fa000 	C:\Program Files\Android\Android Studio4\jre\bin\net.dll
0x00007ff9eb370000 - 0x00007ff9eb47a000 	C:\WINDOWS\SYSTEM32\WINHTTP.dll
0x00007ff9fa1e0000 - 0x00007ff9fa24a000 	C:\WINDOWS\system32\mswsock.dll
0x00007ff9dcf10000 - 0x00007ff9dcf24000 	C:\Program Files\Android\Android Studio4\jre\bin\nio.dll

dbghelp: loaded successfully - version: 4.0.5 - missing functions: none
symbol engine: initialized successfully - sym options: 0x614 - pdb path: .;C:\Program Files\Android\Android Studio4\jre\bin;C:\WINDOWS\SYSTEM32;C:\WINDOWS\WinSxS\amd64_microsoft.windows.common-controls_6595b64144ccf1df_6.0.19041.1110_none_60b5254171f9507e;C:\Program Files\Android\Android Studio4\jre\bin\server

VM Arguments:
java_command: org.jetbrains.kotlin.cli.jvm.K2JVMCompiler @C:\Users\leoba\AndroidStudioProjects\TextRecognizer\DemoRequestWebApi\app\build\20220614_7335368177294256226.compiler.options
java_class_path (initial): C:\Users\leoba\.gradle\caches\modules-2\files-2.1\org.jetbrains.kotlin\kotlin-compiler-embeddable\1.5.10\9c35134a025cab7a1e6eee0d87d241c2f30c1218\kotlin-compiler-embeddable-1.5.10.jar;C:\Users\leoba\.gradle\caches\modules-2\files-2.1\org.jetbrains.kotlin\kotlin-reflect\1.5.10\d6c70f3c0df2457ea0095c61c1fc1188017dc3bc\kotlin-reflect-1.5.10.jar;C:\Users\leoba\.gradle\caches\modules-2\files-2.1\org.jetbrains.kotlin\kotlin-stdlib\1.5.10\da6a904b132f0402fa4d79169a3c1770598d4702\kotlin-stdlib-1.5.10.jar;C:\Users\leoba\.gradle\caches\modules-2\files-2.1\org.jetbrains.kotlin\kotlin-script-runtime\1.5.10\69bad0ece91b0797055aeadbd44dc742c458398b\kotlin-script-runtime-1.5.10.jar;C:\Users\leoba\.gradle\caches\modules-2\files-2.1\org.jetbrains.kotlin\kotlin-daemon-embeddable\1.5.10\d06ad33b62b041dae0609f830c3b48135d53b8bc\kotlin-daemon-embeddable-1.5.10.jar;C:\Users\leoba\.gradle\caches\modules-2\files-2.1\org.jetbrains.intellij.deps\trove4j\1.0.20181211\216c2e14b070f334479d800987affe4054cd563f\trove4j-1.0.20181211.jar;C:\Users\leoba\.gradle\caches\modules-2\files-2.1\org.jetbrains\annotations\13.0\919f0dfe192fb4e063e7dacadee7f8bb9a2672a9\annotations-13.0.jar;C:\Users\leoba\.gradle\caches\modules-2\files-2.1\org.jetbrains.kotlin\kotlin-stdlib-common\1.5.10\6b84d926e28493be69daf673e40076f89492ef7\kotlin-stdlib-common-1.5.10.jar
Launcher Type: SUN_STANDARD

[Global flags]
     intx CICompilerCount                          = 3                                         {product} {ergonomic}
     uint ConcGCThreads                            = 1                                         {product} {ergonomic}
     uint G1ConcRefinementThreads                  = 4                                         {product} {ergonomic}
   size_t G1HeapRegionSize                         = 1048576                                   {product} {ergonomic}
    uintx GCDrainStackTargetSize                   = 64                                        {product} {ergonomic}
   size_t InitialHeapSize                          = 201326592                                 {product} {ergonomic}
   size_t MarkStackSize                            = 4194304                                   {product} {ergonomic}
   size_t MaxHeapSize                              = 3198156800                                {product} {ergonomic}
   size_t MaxNewSize                               = 1918894080                                {product} {ergonomic}
   size_t MinHeapDeltaBytes                        = 1048576                                   {product} {ergonomic}
    uintx NonNMethodCodeHeapSize                   = 5830732                                {pd product} {ergonomic}
    uintx NonProfiledCodeHeapSize                  = 122913754                              {pd product} {ergonomic}
    uintx ProfiledCodeHeapSize                     = 122913754                              {pd product} {ergonomic}
    uintx ReservedCodeCacheSize                    = 251658240                              {pd product} {ergonomic}
     bool SegmentedCodeCache                       = true                                      {product} {ergonomic}
     bool UseCompressedClassPointers               = true                                 {lp64_product} {ergonomic}
     bool UseCompressedOops                        = true                                 {lp64_product} {ergonomic}
     bool UseG1GC                                  = true                                      {product} {ergonomic}
     bool UseLargePagesIndividualAllocation        = false                                  {pd product} {ergonomic}

Logging:
Log output configuration:
 #0: stdout all=warning uptime,level,tags
 #1: stderr all=off uptime,level,tags

Environment Variables:
PATH=C:\Program Files (x86)\Intel\Intel(R) Management Engine Components\iCLS\;C:\Program Files\Intel\Intel(R) Management Engine Components\iCLS\;C:\WINDOWS\system32;C:\WINDOWS;C:\WINDOWS\System32\Wbem;C:\WINDOWS\System32\WindowsPowerShell\v1.0\;C:\Program Files (x86)\Intel\Intel(R) Management Engine Components\DAL;C:\Program Files\Intel\Intel(R) Management Engine Components\DAL;C:\Program Files (x86)\Intel\Intel(R) Management Engine Components\IPT;C:\Program Files\Intel\Intel(R) Management Engine Components\IPT;c:\Program Files (x86)\Microsoft SQL Server\100\Tools\Binn\;c:\Program Files\Microsoft SQL Server\100\Tools\Binn\;c:\Program Files\Microsoft SQL Server\100\DTS\Binn\;c:\Program Files (x86)\Microsoft SQL Server\100\Tools\Binn\VSShell\Common7\IDE\;c:\Program Files (x86)\Microsoft SQL Server\100\DTS\Binn\;C:\WINDOWS\system32\config\systemprofile\.dnx\bin;C:\Program Files\Microsoft DNX\Dnvm\;C:\Program Files\Microsoft SQL Server\130\Tools\Binn\;C:\WINDOWS\System32\OpenSSH\;C:\Program Files\Git\cmd;C:\Users\leoba\AppData\Local\Microsoft\WindowsApps;C:\Users\leoba\AppData\Local\GitHubDesktop\bin;%USERPROFILE%\AppData\Local\Microsoft\WindowsApps;
USERNAME=leoba
OS=Windows_NT
PROCESSOR_IDENTIFIER=Intel64 Family 6 Model 142 Stepping 10, GenuineIntel



---------------  S Y S T E M  ---------------

OS: Windows 10 , 64 bit Build 19041 (10.0.19041.1706)
OS uptime: 25 days 22:27 hours

CPU:total 4 (initial active 4) (2 cores per cpu, 2 threads per core) family 6 model 142 stepping 10 microcode 0xb4, cmov, cx8, fxsr, mmx, sse, sse2, sse3, ssse3, sse4.1, sse4.2, popcnt, avx, avx2, aes, clmul, erms, 3dnowpref, lzcnt, ht, tsc, tscinvbit, bmi1, bmi2, adx, fma

Memory: 4k page, system-wide physical 12197M (997M free)
TotalPageFile size 12197M (AvailPageFile size 4M)
current process WorkingSet (physical memory assigned to process): 151M, peak: 151M
current process commit charge ("private bytes"): 309M, peak: 309M

vm_info: OpenJDK 64-Bit Server VM (11.0.10+0-b96-7249189) for windows-amd64 JRE (11.0.10+0-b96-7249189), built on Mar 31 2021 21:44:00 by "builder" with MS VC++ 14.0 (VS2015)

END.
